# JRE version: OpenJDK Runtime Environment (17.0.11) (build 17.0.11+0--11852314)
# Java VM: OpenJDK 64-Bit Server VM (17.0.11+0--11852314, mixed mode, tiered, compressed oops, compressed class ptrs, g1 gc, windows-amd64)
GC Precious Log:
 CPUs: 12 total, 12 available
 Memory: 7562M
 Large Page Support: Disabled
 NUMA Support: Disabled
 Compressed Oops: Enabled (32-bit)
 Heap Region Size: 1M
 Heap Min Capacity: 8M
 Heap Initial Capacity: 120M
 Heap Max Capacity: 2G
 Pre-touch: Disabled
 Parallel Workers: 10
 Concurrent Workers: 3
 Concurrent Refinement Workers: 10
 Periodic GC: Disabled
Heap:
 garbage-first heap   total 122880K, used 57947K [0x0000000080000000, 0x0000000100000000)
  region size 1024K, 1 young (1024K), 1 survivors (1024K)
 Metaspace       used 60523K, committed 61056K, reserved 1114112K
  class space    used 8162K, committed 8448K, reserved 1048576K
GC Heap History (20 events):
Event: 4.771 GC heap after
{Heap after GC invocations=16 (full 0):
 garbage-first heap   total 71680K, used 36418K [0x0000000080000000, 0x0000000100000000)
  region size 1024K, 3 young (3072K), 3 survivors (3072K)
 Metaspace       used 50881K, committed 51328K, reserved 1114112K
  class space    used 6887K, committed 7104K, reserved 1048576K
}
Event: 4.943 GC heap before
{Heap before GC invocations=17 (full 0):
 garbage-first heap   total 71680K, used 51778K [0x0000000080000000, 0x0000000100000000)
  region size 1024K, 20 young (20480K), 3 survivors (3072K)
 Metaspace       used 52934K, committed 53376K, reserved 1114112K
  class space    used 7211K, committed 7424K, reserved 1048576K
}
Event: 4.945 GC heap after
{Heap after GC invocations=18 (full 0):
 garbage-first heap   total 86016K, used 37475K [0x0000000080000000, 0x0000000100000000)
  region size 1024K, 3 young (3072K), 3 survivors (3072K)
 Metaspace       used 52934K, committed 53376K, reserved 1114112K
  class space    used 7211K, committed 7424K, reserved 1048576K
}
Event: 5.285 GC heap before
{Heap before GC invocations=18 (full 0):
 garbage-first heap   total 86016K, used 70243K [0x0000000080000000, 0x0000000100000000)
  region size 1024K, 33 young (33792K), 3 survivors (3072K)
 Metaspace       used 56427K, committed 57024K, reserved 1114112K
  class space    used 7664K, committed 7936K, reserved 1048576K
}
Event: 5.288 GC heap after
{Heap after GC invocations=19 (full 0):
 garbage-first heap   total 86016K, used 39650K [0x0000000080000000, 0x0000000100000000)
  region size 1024K, 5 young (5120K), 5 survivors (5120K)
 Metaspace       used 56427K, committed 57024K, reserved 1114112K
  class space    used 7664K, committed 7936K, reserved 1048576K
}
Event: 5.748 GC heap before
{Heap before GC invocations=19 (full 0):
 garbage-first heap   total 86016K, used 67298K [0x0000000080000000, 0x0000000100000000)
  region size 1024K, 33 young (33792K), 5 survivors (5120K)
 Metaspace       used 57604K, committed 58048K, reserved 1114112K
  class space    used 7790K, committed 8000K, reserved 1048576K
}
Event: 5.753 GC heap after
{Heap after GC invocations=20 (full 0):
 garbage-first heap   total 86016K, used 44563K [0x0000000080000000, 0x0000000100000000)
  region size 1024K, 5 young (5120K), 5 survivors (5120K)
 Metaspace       used 57604K, committed 58048K, reserved 1114112K
  class space    used 7790K, committed 8000K, reserved 1048576K
}
Event: 5.890 GC heap before
{Heap before GC invocations=20 (full 0):
 garbage-first heap   total 86016K, used 67091K [0x0000000080000000, 0x0000000100000000)
  region size 1024K, 28 young (28672K), 5 survivors (5120K)
 Metaspace       used 57850K, committed 58368K, reserved 1114112K
  class space    used 7799K, committed 8064K, reserved 1048576K
}
Event: 5.893 GC heap after
{Heap after GC invocations=21 (full 0):
 garbage-first heap   total 86016K, used 45987K [0x0000000080000000, 0x0000000100000000)
  region size 1024K, 4 young (4096K), 4 survivors (4096K)
 Metaspace       used 57850K, committed 58368K, reserved 1114112K
  class space    used 7799K, committed 8064K, reserved 1048576K
}
Event: 5.947 GC heap before
{Heap before GC invocations=22 (full 0):
 garbage-first heap   total 86016K, used 50083K [0x0000000080000000, 0x0000000100000000)
  region size 1024K, 9 young (9216K), 4 survivors (4096K)
 Metaspace       used 58012K, committed 58560K, reserved 1114112K
  class space    used 7826K, committed 8064K, reserved 1048576K
}
Event: 5.949 GC heap after
{Heap after GC invocations=23 (full 0):
 garbage-first heap   total 86016K, used 46464K [0x0000000080000000, 0x0000000100000000)
  region size 1024K, 1 young (1024K), 1 survivors (1024K)
 Metaspace       used 58012K, committed 58560K, reserved 1114112K
  class space    used 7826K, committed 8064K, reserved 1048576K
}
Event: 6.286 GC heap before
{Heap before GC invocations=24 (full 0):
 garbage-first heap   total 86016K, used 74112K [0x0000000080000000, 0x0000000100000000)
  region size 1024K, 23 young (23552K), 1 survivors (1024K)
 Metaspace       used 59217K, committed 59776K, reserved 1114112K
  class space    used 7991K, committed 8256K, reserved 1048576K
}
Event: 6.288 GC heap after
{Heap after GC invocations=25 (full 0):
 garbage-first heap   total 86016K, used 56785K [0x0000000080000000, 0x0000000100000000)
  region size 1024K, 3 young (3072K), 3 survivors (3072K)
 Metaspace       used 59217K, committed 59776K, reserved 1114112K
  class space    used 7991K, committed 8256K, reserved 1048576K
}
Event: 6.294 GC heap before
{Heap before GC invocations=25 (full 0):
 garbage-first heap   total 86016K, used 56785K [0x0000000080000000, 0x0000000100000000)
  region size 1024K, 4 young (4096K), 3 survivors (3072K)
 Metaspace       used 59254K, committed 59776K, reserved 1114112K
  class space    used 7995K, committed 8256K, reserved 1048576K
}
Event: 6.296 GC heap after
{Heap after GC invocations=26 (full 0):
 garbage-first heap   total 86016K, used 56154K [0x0000000080000000, 0x0000000100000000)
  region size 1024K, 1 young (1024K), 1 survivors (1024K)
 Metaspace       used 59254K, committed 59776K, reserved 1114112K
  class space    used 7995K, committed 8256K, reserved 1048576K
}
Event: 6.323 GC heap before
{Heap before GC invocations=26 (full 0):
 garbage-first heap   total 86016K, used 57178K [0x0000000080000000, 0x0000000100000000)
  region size 1024K, 4 young (4096K), 1 survivors (1024K)
 Metaspace       used 59404K, committed 59968K, reserved 1114112K
  class space    used 8007K, committed 8256K, reserved 1048576K
}
Event: 6.323 GC heap after
{Heap after GC invocations=27 (full 0):
 garbage-first heap   total 86016K, used 56576K [0x0000000080000000, 0x0000000100000000)
  region size 1024K, 1 young (1024K), 1 survivors (1024K)
 Metaspace       used 59404K, committed 59968K, reserved 1114112K
  class space    used 8007K, committed 8256K, reserved 1048576K
}
Event: 6.411 GC heap before
{Heap before GC invocations=28 (full 0):
 garbage-first heap   total 102400K, used 67840K [0x0000000080000000, 0x0000000100000000)
  region size 1024K, 11 young (11264K), 1 survivors (1024K)
 Metaspace       used 60152K, committed 60672K, reserved 1114112K
  class space    used 8109K, committed 8384K, reserved 1048576K
}
Event: 6.412 GC heap after
{Heap after GC invocations=29 (full 0):
 garbage-first heap   total 102400K, used 57908K [0x0000000080000000, 0x0000000100000000)
  region size 1024K, 1 young (1024K), 1 survivors (1024K)
 Metaspace       used 60152K, committed 60672K, reserved 1114112K
  class space    used 8109K, committed 8384K, reserved 1048576K
}
Event: 6.447 GC heap before
{Heap before GC invocations=29 (full 0):
 garbage-first heap   total 102400K, used 60980K [0x0000000080000000, 0x0000000100000000)
  region size 1024K, 5 young (5120K), 1 survivors (1024K)
 Metaspace       used 60523K, committed 61056K, reserved 1114112K
  class space    used 8162K, committed 8448K, reserved 1048576K
}

